{"C:\\Users\\15595\\Documents\\GitHub\\jitterbug\\index.js": {"path":"C:\\Users\\15595\\Documents\\GitHub\\jitterbug\\index.js","all":true,"statementMap":{"0":{"start":{"line":1,"column":0},"end":{"line":1,"column":3}},"1":{"start":{"line":2,"column":0},"end":{"line":2,"column":73}},"2":{"start":{"line":3,"column":0},"end":{"line":3,"column":44}},"3":{"start":{"line":4,"column":0},"end":{"line":4,"column":3}},"4":{"start":{"line":5,"column":0},"end":{"line":5,"column":0}},"5":{"start":{"line":6,"column":0},"end":{"line":6,"column":31}},"6":{"start":{"line":7,"column":0},"end":{"line":7,"column":41}}},"s":{"0":0,"1":0,"2":0,"3":0,"4":0,"5":0,"6":0},"branchMap":{"0":{"type":"branch","line":1,"loc":{"start":{"line":1,"column":207},"end":{"line":7,"column":41}},"locations":[{"start":{"line":1,"column":207},"end":{"line":7,"column":41}}]}},"b":{"0":[0]},"fnMap":{"0":{"name":"(empty-report)","decl":{"start":{"line":1,"column":207},"end":{"line":7,"column":41}},"loc":{"start":{"line":1,"column":207},"end":{"line":7,"column":41}},"line":1}},"f":{"0":0}}
,"C:\\Users\\15595\\Documents\\GitHub\\jitterbug\\src\\index.js": {"path":"C:\\Users\\15595\\Documents\\GitHub\\jitterbug\\src\\index.js","all":true,"statementMap":{"0":{"start":{"line":1,"column":0},"end":{"line":1,"column":3}},"1":{"start":{"line":2,"column":0},"end":{"line":2,"column":73}},"2":{"start":{"line":3,"column":0},"end":{"line":3,"column":3}},"3":{"start":{"line":4,"column":0},"end":{"line":4,"column":0}},"4":{"start":{"line":5,"column":0},"end":{"line":5,"column":35}},"5":{"start":{"line":6,"column":0},"end":{"line":6,"column":0}},"6":{"start":{"line":7,"column":0},"end":{"line":7,"column":16}},"7":{"start":{"line":8,"column":0},"end":{"line":8,"column":7}},"8":{"start":{"line":9,"column":0},"end":{"line":9,"column":2}}},"s":{"0":0,"1":0,"2":0,"3":0,"4":0,"5":0,"6":0,"7":0,"8":0},"branchMap":{"0":{"type":"branch","line":1,"loc":{"start":{"line":1,"column":155},"end":{"line":9,"column":2}},"locations":[{"start":{"line":1,"column":155},"end":{"line":9,"column":2}}]}},"b":{"0":[0]},"fnMap":{"0":{"name":"(empty-report)","decl":{"start":{"line":1,"column":155},"end":{"line":9,"column":2}},"loc":{"start":{"line":1,"column":155},"end":{"line":9,"column":2}},"line":1}},"f":{"0":0}}
,"C:\\Users\\15595\\Documents\\GitHub\\jitterbug\\src\\retry.js": {"path":"C:\\Users\\15595\\Documents\\GitHub\\jitterbug\\src\\retry.js","all":false,"statementMap":{"0":{"start":{"line":1,"column":0},"end":{"line":1,"column":3}},"1":{"start":{"line":2,"column":0},"end":{"line":2,"column":34}},"2":{"start":{"line":3,"column":0},"end":{"line":3,"column":3}},"3":{"start":{"line":4,"column":0},"end":{"line":4,"column":0}},"4":{"start":{"line":5,"column":0},"end":{"line":5,"column":54}},"5":{"start":{"line":6,"column":0},"end":{"line":6,"column":20}},"6":{"start":{"line":7,"column":0},"end":{"line":7,"column":23}},"7":{"start":{"line":8,"column":0},"end":{"line":8,"column":50}},"8":{"start":{"line":9,"column":0},"end":{"line":9,"column":18}},"9":{"start":{"line":10,"column":0},"end":{"line":10,"column":33}},"10":{"start":{"line":11,"column":0},"end":{"line":11,"column":17}},"11":{"start":{"line":12,"column":0},"end":{"line":12,"column":12}},"12":{"start":{"line":13,"column":0},"end":{"line":13,"column":23}},"13":{"start":{"line":14,"column":0},"end":{"line":14,"column":3}},"14":{"start":{"line":15,"column":0},"end":{"line":15,"column":1}},"15":{"start":{"line":16,"column":0},"end":{"line":16,"column":0}},"16":{"start":{"line":17,"column":0},"end":{"line":17,"column":20}},"17":{"start":{"line":18,"column":0},"end":{"line":18,"column":57}},"18":{"start":{"line":19,"column":0},"end":{"line":19,"column":1}},"19":{"start":{"line":20,"column":0},"end":{"line":20,"column":0}},"20":{"start":{"line":21,"column":0},"end":{"line":21,"column":3}},"21":{"start":{"line":22,"column":0},"end":{"line":22,"column":35}},"22":{"start":{"line":23,"column":0},"end":{"line":23,"column":53}},"23":{"start":{"line":24,"column":0},"end":{"line":24,"column":48}},"24":{"start":{"line":25,"column":0},"end":{"line":25,"column":86}},"25":{"start":{"line":26,"column":0},"end":{"line":26,"column":77}},"26":{"start":{"line":27,"column":0},"end":{"line":27,"column":115}},"27":{"start":{"line":28,"column":0},"end":{"line":28,"column":99}},"28":{"start":{"line":29,"column":0},"end":{"line":29,"column":83}},"29":{"start":{"line":30,"column":0},"end":{"line":30,"column":3}},"30":{"start":{"line":31,"column":0},"end":{"line":31,"column":41}},"31":{"start":{"line":32,"column":0},"end":{"line":32,"column":9}},"32":{"start":{"line":33,"column":0},"end":{"line":33,"column":20}},"33":{"start":{"line":34,"column":0},"end":{"line":34,"column":17}},"34":{"start":{"line":35,"column":0},"end":{"line":35,"column":28}},"35":{"start":{"line":36,"column":0},"end":{"line":36,"column":22}},"36":{"start":{"line":37,"column":0},"end":{"line":37,"column":14}},"37":{"start":{"line":38,"column":0},"end":{"line":38,"column":0}},"38":{"start":{"line":39,"column":0},"end":{"line":39,"column":34}},"39":{"start":{"line":40,"column":0},"end":{"line":40,"column":18}},"40":{"start":{"line":41,"column":0},"end":{"line":41,"column":4}},"41":{"start":{"line":42,"column":0},"end":{"line":42,"column":62}},"42":{"start":{"line":43,"column":0},"end":{"line":43,"column":11}},"43":{"start":{"line":44,"column":0},"end":{"line":44,"column":33}},"44":{"start":{"line":45,"column":0},"end":{"line":45,"column":23}},"45":{"start":{"line":46,"column":0},"end":{"line":46,"column":26}},"46":{"start":{"line":47,"column":0},"end":{"line":47,"column":8}},"47":{"start":{"line":48,"column":0},"end":{"line":48,"column":36}},"48":{"start":{"line":49,"column":0},"end":{"line":49,"column":67}},"49":{"start":{"line":50,"column":0},"end":{"line":50,"column":44}},"50":{"start":{"line":51,"column":0},"end":{"line":51,"column":32}},"51":{"start":{"line":52,"column":0},"end":{"line":52,"column":9}},"52":{"start":{"line":53,"column":0},"end":{"line":53,"column":7}},"53":{"start":{"line":54,"column":0},"end":{"line":54,"column":5}},"54":{"start":{"line":55,"column":0},"end":{"line":55,"column":4}},"55":{"start":{"line":56,"column":0},"end":{"line":56,"column":20}},"56":{"start":{"line":57,"column":0},"end":{"line":57,"column":4}},"57":{"start":{"line":58,"column":0},"end":{"line":58,"column":1}},"58":{"start":{"line":59,"column":0},"end":{"line":59,"column":0}},"59":{"start":{"line":60,"column":0},"end":{"line":60,"column":33}}},"s":{"0":1,"1":1,"2":1,"3":1,"4":28,"5":28,"6":28,"7":16,"8":28,"9":5,"10":28,"11":28,"12":7,"13":28,"14":28,"15":1,"16":18,"17":18,"18":18,"19":1,"20":1,"21":1,"22":1,"23":1,"24":1,"25":1,"26":1,"27":1,"28":1,"29":1,"30":1,"31":12,"32":12,"33":12,"34":12,"35":12,"36":12,"37":12,"38":12,"39":12,"40":12,"41":12,"42":29,"43":29,"44":29,"45":21,"46":21,"47":21,"48":17,"49":17,"50":17,"51":17,"52":21,"53":29,"54":4,"55":4,"56":12,"57":12,"58":1,"59":1},"branchMap":{"0":{"type":"branch","line":5,"loc":{"start":{"line":5,"column":0},"end":{"line":15,"column":1}},"locations":[{"start":{"line":5,"column":0},"end":{"line":15,"column":1}}]},"1":{"type":"branch","line":7,"loc":{"start":{"line":7,"column":4},"end":{"line":8,"column":50}},"locations":[{"start":{"line":7,"column":4},"end":{"line":8,"column":50}}]},"2":{"type":"branch","line":9,"loc":{"start":{"line":9,"column":4},"end":{"line":10,"column":33}},"locations":[{"start":{"line":9,"column":4},"end":{"line":10,"column":33}}]},"3":{"type":"branch","line":11,"loc":{"start":{"line":11,"column":4},"end":{"line":11,"column":17}},"locations":[{"start":{"line":11,"column":4},"end":{"line":11,"column":17}}]},"4":{"type":"branch","line":12,"loc":{"start":{"line":12,"column":4},"end":{"line":13,"column":23}},"locations":[{"start":{"line":12,"column":4},"end":{"line":13,"column":23}}]},"5":{"type":"branch","line":17,"loc":{"start":{"line":17,"column":0},"end":{"line":19,"column":1}},"locations":[{"start":{"line":17,"column":0},"end":{"line":19,"column":1}}]},"6":{"type":"branch","line":18,"loc":{"start":{"line":18,"column":21},"end":{"line":18,"column":55}},"locations":[{"start":{"line":18,"column":21},"end":{"line":18,"column":55}}]},"7":{"type":"branch","line":31,"loc":{"start":{"line":31,"column":7},"end":{"line":58,"column":1}},"locations":[{"start":{"line":31,"column":7},"end":{"line":58,"column":1}}]},"8":{"type":"branch","line":36,"loc":{"start":{"line":36,"column":14},"end":{"line":36,"column":22}},"locations":[{"start":{"line":36,"column":14},"end":{"line":36,"column":22}}]},"9":{"type":"branch","line":39,"loc":{"start":{"line":39,"column":9},"end":{"line":57,"column":3}},"locations":[{"start":{"line":39,"column":9},"end":{"line":57,"column":3}}]},"10":{"type":"branch","line":42,"loc":{"start":{"line":42,"column":61},"end":{"line":54,"column":5}},"locations":[{"start":{"line":42,"column":61},"end":{"line":54,"column":5}}]},"11":{"type":"branch","line":45,"loc":{"start":{"line":45,"column":8},"end":{"line":53,"column":7}},"locations":[{"start":{"line":45,"column":8},"end":{"line":53,"column":7}}]},"12":{"type":"branch","line":48,"loc":{"start":{"line":48,"column":35},"end":{"line":52,"column":9}},"locations":[{"start":{"line":48,"column":35},"end":{"line":52,"column":9}}]},"13":{"type":"branch","line":55,"loc":{"start":{"line":55,"column":-2},"end":{"line":57,"column":2}},"locations":[{"start":{"line":55,"column":-2},"end":{"line":57,"column":2}}]}},"b":{"0":[28],"1":[16],"2":[5],"3":[5],"4":[7],"5":[18],"6":[18],"7":[12],"8":[10],"9":[12],"10":[29],"11":[21],"12":[17],"13":[4]},"fnMap":{"0":{"name":"calculateDelay","decl":{"start":{"line":5,"column":0},"end":{"line":15,"column":1}},"loc":{"start":{"line":5,"column":0},"end":{"line":15,"column":1}},"line":5},"1":{"name":"sleep","decl":{"start":{"line":17,"column":0},"end":{"line":19,"column":1}},"loc":{"start":{"line":17,"column":0},"end":{"line":19,"column":1}},"line":17},"2":{"name":"retry","decl":{"start":{"line":31,"column":7},"end":{"line":58,"column":1}},"loc":{"start":{"line":31,"column":7},"end":{"line":58,"column":1}},"line":31},"3":{"name":"onRetry","decl":{"start":{"line":36,"column":14},"end":{"line":36,"column":22}},"loc":{"start":{"line":36,"column":14},"end":{"line":36,"column":22}},"line":36}},"f":{"0":28,"1":18,"2":12,"3":10}}
}
